Log file opened: nodeid 0, nnodes = 1, host = node45, process = 9655
                         :-)  G  R  O  M  A  C  S  (-:

               Giant Rising Ordinary Mutants for A Clerical Setup

                       :-)  VERSION 3.1.99_20020920  (-:


                      PLEASE NOTE: THIS IS A BETA VERSION


       Copyright (c) 1991-2002, University of Groningen, The Netherlands
         This program is free software; you can redistribute it and/or
          modify it under the terms of the GNU General Public License
         as published by the Free Software Foundation; either version 2
             of the License, or (at your option) any later version.

                :-)  /home/groenhof/w2/gmx/src/kernel/mdrun  (-:


++++++++ PLEASE CITE THE FOLLOWING REFERENCE ++++++++
E. Lindahl and B. Hess and D. van der Spoel
GROMACS 3.0: A package for molecular simulation and trajectory analysis
J. Mol. Mod. 7 (2001) pp. 306-317
-------- -------- --- Thank You --- -------- --------


++++++++ PLEASE CITE THE FOLLOWING REFERENCE ++++++++
H. J. C. Berendsen, D. van der Spoel and R. van Drunen
GROMACS: A message-passing parallel molecular dynamics implementation
Comp. Phys. Comm. 91 (1995) pp. 43-56
-------- -------- --- Thank You --- -------- --------

Fatal error: File topol.tpr not found
